<?xml version="1.0" encoding="UTF-8"?>
<!-- Generated by org.testng.reporters.JUnitXMLReporter -->
<testsuite hostname="YASHPALs-MacBook-Pro.local" name="SmokeScnerio" tests="2" failures="1" timestamp="5 Sep 2016 11:07:38 GMT" time="91.184" errors="0">
  <testcase name="testHomePage" time="15.026" classname="testcases.VerifyLoginPage">
    <failure type="java.lang.AssertionError" message="sign out link not verify properly expected [Sign Out] but found []">
      <![CDATA[java.lang.AssertionError: sign out link not verify properly expected [Sign Out] but found []
	at Pages.LoginPage.verifySignOutLink(LoginPage.java:40)
	at testcases.VerifyLoginPage.testHomePage(VerifyLoginPage.java:55)
... Removed 28 stack frames]]>
    </failure>
  </testcase> <!-- testHomePage -->
  <testcase name="testHomePage" time="0.008" classname="testcases.VerifyHomePage"/>
</testsuite> <!-- SmokeScnerio -->
